[    1166ms] [ERROR] Failed to load resource: the server responded with a status of 401 () @ https://my.greenhouse.io/users/self?job_post_id=7658481002:0
[    1174ms] UnauthorizedError: Unauthorized: User is not logged in.
    at Gs.fetchProfile (https://job-boards.cdn.greenhouse.io/assets/entry.client-6xjydqH5.js:61:71218)
[  503176ms] [ERROR] Failed to load resource: the server responded with a status of 401 () @ https://my.greenhouse.io/users/self?job_post_id=7658481002:0
[  503186ms] UnauthorizedError: Unauthorized: User is not logged in.
    at Gs.fetchProfile (https://job-boards.cdn.greenhouse.io/assets/entry.client-6xjydqH5.js:61:71218)
    at async We (https://job-boards.cdn.greenhouse.io/assets/entry.client-6xjydqH5.js:61:96090)
[ 1316083ms] [ERROR] Cross-Origin-Opener-Policy policy would block the window.closed call. @ https://www.dropbox.com/static/api/2/dropins.js:0
[ 1316084ms] [ERROR] Cross-Origin-Opener-Policy policy would block the window.closed call. @ https://www.dropbox.com/static/api/2/dropins.js:0
[ 1339540ms] [ERROR] Cross-Origin-Opener-Policy policy would block the window.closed call. @ https://www.dropbox.com/static/api/2/dropins.js:0
[ 1339540ms] [ERROR] Cross-Origin-Opener-Policy policy would block the window.closed call. @ https://www.dropbox.com/static/api/2/dropins.js:0
[ 1358349ms] [ERROR] Cross-Origin-Opener-Policy policy would block the window.opener call. @ https://apis.google.com/_/scs/abc-static/_/js/k=gapi.lb.en.PJsh2cctCQI.O/m=client,picker/rt=j/sv=1/d=1/ed=1/rs=AHpOoo_QlMhY2cycn60Rs8eI1WInRwuahw/cb=gapi.loaded_0?le=scs,fedcm_migration_mod:435
[ 1358349ms] [ERROR] Cross-Origin-Opener-Policy policy would block the window.opener call. @ https://apis.google.com/_/scs/abc-static/_/js/k=gapi.lb.en.PJsh2cctCQI.O/m=client,picker/rt=j/sv=1/d=1/ed=1/rs=AHpOoo_QlMhY2cycn60Rs8eI1WInRwuahw/cb=gapi.loaded_0?le=scs,fedcm_migration_mod:435
[ 1360505ms] [ERROR] Unable to preventDefault inside passive event listener due to target being treated as passive. See https://www.chromestatus.com/feature/6662647093133312 @ https://docs.google.com/picker/static/resources/client/js/1302273251-picker_modularized_opc.js:213
[ 1360523ms] [ERROR] Unable to preventDefault inside passive event listener due to target being treated as passive. See https://www.chromestatus.com/feature/6662647093133312 @ https://docs.google.com/picker/static/resources/client/js/1302273251-picker_modularized_opc.js:213
[ 1360540ms] [ERROR] Unable to preventDefault inside passive event listener due to target being treated as passive. See https://www.chromestatus.com/feature/6662647093133312 @ https://docs.google.com/picker/static/resources/client/js/1302273251-picker_modularized_opc.js:213
[ 1360557ms] [ERROR] Unable to preventDefault inside passive event listener due to target being treated as passive. See https://www.chromestatus.com/feature/6662647093133312 @ https://docs.google.com/picker/static/resources/client/js/1302273251-picker_modularized_opc.js:213
[ 1360573ms] [ERROR] Unable to preventDefault inside passive event listener due to target being treated as passive. See https://www.chromestatus.com/feature/6662647093133312 @ https://docs.google.com/picker/static/resources/client/js/1302273251-picker_modularized_opc.js:213
[ 1360607ms] [ERROR] Unable to preventDefault inside passive event listener due to target being treated as passive. See https://www.chromestatus.com/feature/6662647093133312 @ https://docs.google.com/picker/static/resources/client/js/1302273251-picker_modularized_opc.js:213
[ 1360623ms] [ERROR] Unable to preventDefault inside passive event listener due to target being treated as passive. See https://www.chromestatus.com/feature/6662647093133312 @ https://docs.google.com/picker/static/resources/client/js/1302273251-picker_modularized_opc.js:213
[ 1360641ms] [ERROR] Unable to preventDefault inside passive event listener due to target being treated as passive. See https://www.chromestatus.com/feature/6662647093133312 @ https://docs.google.com/picker/static/resources/client/js/1302273251-picker_modularized_opc.js:213
[ 1360674ms] [ERROR] Unable to preventDefault inside passive event listener due to target being treated as passive. See https://www.chromestatus.com/feature/6662647093133312 @ https://docs.google.com/picker/static/resources/client/js/1302273251-picker_modularized_opc.js:213
[ 1360690ms] [ERROR] Unable to preventDefault inside passive event listener due to target being treated as passive. See https://www.chromestatus.com/feature/6662647093133312 @ https://docs.google.com/picker/static/resources/client/js/1302273251-picker_modularized_opc.js:213
[ 1360707ms] [ERROR] Unable to preventDefault inside passive event listener due to target being treated as passive. See https://www.chromestatus.com/feature/6662647093133312 @ https://docs.google.com/picker/static/resources/client/js/1302273251-picker_modularized_opc.js:213
[ 1360726ms] [ERROR] Unable to preventDefault inside passive event listener due to target being treated as passive. See https://www.chromestatus.com/feature/6662647093133312 @ https://docs.google.com/picker/static/resources/client/js/1302273251-picker_modularized_opc.js:213
[ 1360740ms] [ERROR] Unable to preventDefault inside passive event listener due to target being treated as passive. See https://www.chromestatus.com/feature/6662647093133312 @ https://docs.google.com/picker/static/resources/client/js/1302273251-picker_modularized_opc.js:213
[ 1360757ms] [ERROR] Unable to preventDefault inside passive event listener due to target being treated as passive. See https://www.chromestatus.com/feature/6662647093133312 @ https://docs.google.com/picker/static/resources/client/js/1302273251-picker_modularized_opc.js:213
[ 1360773ms] [ERROR] Unable to preventDefault inside passive event listener due to target being treated as passive. See https://www.chromestatus.com/feature/6662647093133312 @ https://docs.google.com/picker/static/resources/client/js/1302273251-picker_modularized_opc.js:213
[ 1360790ms] [ERROR] Unable to preventDefault inside passive event listener due to target being treated as passive. See https://www.chromestatus.com/feature/6662647093133312 @ https://docs.google.com/picker/static/resources/client/js/1302273251-picker_modularized_opc.js:213
[ 1360808ms] [ERROR] Unable to preventDefault inside passive event listener due to target being treated as passive. See https://www.chromestatus.com/feature/6662647093133312 @ https://docs.google.com/picker/static/resources/client/js/1302273251-picker_modularized_opc.js:213
[ 1360824ms] [ERROR] Unable to preventDefault inside passive event listener due to target being treated as passive. See https://www.chromestatus.com/feature/6662647093133312 @ https://docs.google.com/picker/static/resources/client/js/1302273251-picker_modularized_opc.js:213
[ 1360840ms] [ERROR] Unable to preventDefault inside passive event listener due to target being treated as passive. See https://www.chromestatus.com/feature/6662647093133312 @ https://docs.google.com/picker/static/resources/client/js/1302273251-picker_modularized_opc.js:213
[ 1360857ms] [ERROR] Unable to preventDefault inside passive event listener due to target being treated as passive. See https://www.chromestatus.com/feature/6662647093133312 @ https://docs.google.com/picker/static/resources/client/js/1302273251-picker_modularized_opc.js:213
[ 1360874ms] [ERROR] Unable to preventDefault inside passive event listener due to target being treated as passive. See https://www.chromestatus.com/feature/6662647093133312 @ https://docs.google.com/picker/static/resources/client/js/1302273251-picker_modularized_opc.js:213
[ 1360890ms] [ERROR] Unable to preventDefault inside passive event listener due to target being treated as passive. See https://www.chromestatus.com/feature/6662647093133312 @ https://docs.google.com/picker/static/resources/client/js/1302273251-picker_modularized_opc.js:213
[ 1360907ms] [ERROR] Unable to preventDefault inside passive event listener due to target being treated as passive. See https://www.chromestatus.com/feature/6662647093133312 @ https://docs.google.com/picker/static/resources/client/js/1302273251-picker_modularized_opc.js:213
[ 1360924ms] [ERROR] Unable to preventDefault inside passive event listener due to target being treated as passive. See https://www.chromestatus.com/feature/6662647093133312 @ https://docs.google.com/picker/static/resources/client/js/1302273251-picker_modularized_opc.js:213
[ 1360940ms] [ERROR] Unable to preventDefault inside passive event listener due to target being treated as passive. See https://www.chromestatus.com/feature/6662647093133312 @ https://docs.google.com/picker/static/resources/client/js/1302273251-picker_modularized_opc.js:213
[ 1360957ms] [ERROR] Unable to preventDefault inside passive event listener due to target being treated as passive. See https://www.chromestatus.com/feature/6662647093133312 @ https://docs.google.com/picker/static/resources/client/js/1302273251-picker_modularized_opc.js:213
[ 1360973ms] [ERROR] Unable to preventDefault inside passive event listener due to target being treated as passive. See https://www.chromestatus.com/feature/6662647093133312 @ https://docs.google.com/picker/static/resources/client/js/1302273251-picker_modularized_opc.js:213
[ 1360990ms] [ERROR] Unable to preventDefault inside passive event listener due to target being treated as passive. See https://www.chromestatus.com/feature/6662647093133312 @ https://docs.google.com/picker/static/resources/client/js/1302273251-picker_modularized_opc.js:213
[ 1361007ms] [ERROR] Unable to preventDefault inside passive event listener due to target being treated as passive. See https://www.chromestatus.com/feature/6662647093133312 @ https://docs.google.com/picker/static/resources/client/js/1302273251-picker_modularized_opc.js:213
[ 1361024ms] [ERROR] Unable to preventDefault inside passive event listener due to target being treated as passive. See https://www.chromestatus.com/feature/6662647093133312 @ https://docs.google.com/picker/static/resources/client/js/1302273251-picker_modularized_opc.js:213
[ 1361040ms] [ERROR] Unable to preventDefault inside passive event listener due to target being treated as passive. See https://www.chromestatus.com/feature/6662647093133312 @ https://docs.google.com/picker/static/resources/client/js/1302273251-picker_modularized_opc.js:213
[ 1361057ms] [ERROR] Unable to preventDefault inside passive event listener due to target being treated as passive. See https://www.chromestatus.com/feature/6662647093133312 @ https://docs.google.com/picker/static/resources/client/js/1302273251-picker_modularized_opc.js:213
[ 1361074ms] [ERROR] Unable to preventDefault inside passive event listener due to target being treated as passive. See https://www.chromestatus.com/feature/6662647093133312 @ https://docs.google.com/picker/static/resources/client/js/1302273251-picker_modularized_opc.js:213
[ 1361090ms] [ERROR] Unable to preventDefault inside passive event listener due to target being treated as passive. See https://www.chromestatus.com/feature/6662647093133312 @ https://docs.google.com/picker/static/resources/client/js/1302273251-picker_modularized_opc.js:213
[ 1361107ms] [ERROR] Unable to preventDefault inside passive event listener due to target being treated as passive. See https://www.chromestatus.com/feature/6662647093133312 @ https://docs.google.com/picker/static/resources/client/js/1302273251-picker_modularized_opc.js:213
[ 1361123ms] [ERROR] Unable to preventDefault inside passive event listener due to target being treated as passive. See https://www.chromestatus.com/feature/6662647093133312 @ https://docs.google.com/picker/static/resources/client/js/1302273251-picker_modularized_opc.js:213
[ 1361140ms] [ERROR] Unable to preventDefault inside passive event listener due to target being treated as passive. See https://www.chromestatus.com/feature/6662647093133312 @ https://docs.google.com/picker/static/resources/client/js/1302273251-picker_modularized_opc.js:213
[ 1361173ms] [ERROR] Unable to preventDefault inside passive event listener due to target being treated as passive. See https://www.chromestatus.com/feature/6662647093133312 @ https://docs.google.com/picker/static/resources/client/js/1302273251-picker_modularized_opc.js:213
[ 1361207ms] [ERROR] Unable to preventDefault inside passive event listener due to target being treated as passive. See https://www.chromestatus.com/feature/6662647093133312 @ https://docs.google.com/picker/static/resources/client/js/1302273251-picker_modularized_opc.js:213
[ 1361274ms] [ERROR] Unable to preventDefault inside passive event listener due to target being treated as passive. See https://www.chromestatus.com/feature/6662647093133312 @ https://docs.google.com/picker/static/resources/client/js/1302273251-picker_modularized_opc.js:213
[ 1361373ms] [ERROR] Unable to preventDefault inside passive event listener due to target being treated as passive. See https://www.chromestatus.com/feature/6662647093133312 @ https://docs.google.com/picker/static/resources/client/js/1302273251-picker_modularized_opc.js:213
[ 1406090ms] [ERROR] Cross-Origin-Opener-Policy policy would block the window.opener call. @ https://apis.google.com/_/scs/abc-static/_/js/k=gapi.lb.en.PJsh2cctCQI.O/m=client,picker/rt=j/sv=1/d=1/ed=1/rs=AHpOoo_QlMhY2cycn60Rs8eI1WInRwuahw/cb=gapi.loaded_0?le=scs,fedcm_migration_mod:435
[ 1406091ms] [ERROR] Cross-Origin-Opener-Policy policy would block the window.opener call. @ https://apis.google.com/_/scs/abc-static/_/js/k=gapi.lb.en.PJsh2cctCQI.O/m=client,picker/rt=j/sv=1/d=1/ed=1/rs=AHpOoo_QlMhY2cycn60Rs8eI1WInRwuahw/cb=gapi.loaded_0?le=scs,fedcm_migration_mod:435
[ 1360505ms] [ERROR] Unable to preventDefault inside passive event listener due to target being treated as passive. See https://www.chromestatus.com/feature/6662647093133312 @ https://docs.google.com/picker/static/resources/client/js/1302273251-picker_modularized_opc.js:213
[ 1360523ms] [ERROR] Unable to preventDefault inside passive event listener due to target being treated as passive. See https://www.chromestatus.com/feature/6662647093133312 @ https://docs.google.com/picker/static/resources/client/js/1302273251-picker_modularized_opc.js:213
[ 1360540ms] [ERROR] Unable to preventDefault inside passive event listener due to target being treated as passive. See https://www.chromestatus.com/feature/6662647093133312 @ https://docs.google.com/picker/static/resources/client/js/1302273251-picker_modularized_opc.js:213
[ 1360557ms] [ERROR] Unable to preventDefault inside passive event listener due to target being treated as passive. See https://www.chromestatus.com/feature/6662647093133312 @ https://docs.google.com/picker/static/resources/client/js/1302273251-picker_modularized_opc.js:213
[ 1360573ms] [ERROR] Unable to preventDefault inside passive event listener due to target being treated as passive. See https://www.chromestatus.com/feature/6662647093133312 @ https://docs.google.com/picker/static/resources/client/js/1302273251-picker_modularized_opc.js:213
[ 1360607ms] [ERROR] Unable to preventDefault inside passive event listener due to target being treated as passive. See https://www.chromestatus.com/feature/6662647093133312 @ https://docs.google.com/picker/static/resources/client/js/1302273251-picker_modularized_opc.js:213
[ 1360623ms] [ERROR] Unable to preventDefault inside passive event listener due to target being treated as passive. See https://www.chromestatus.com/feature/6662647093133312 @ https://docs.google.com/picker/static/resources/client/js/1302273251-picker_modularized_opc.js:213
[ 1360641ms] [ERROR] Unable to preventDefault inside passive event listener due to target being treated as passive. See https://www.chromestatus.com/feature/6662647093133312 @ https://docs.google.com/picker/static/resources/client/js/1302273251-picker_modularized_opc.js:213
[ 1360674ms] [ERROR] Unable to preventDefault inside passive event listener due to target being treated as passive. See https://www.chromestatus.com/feature/6662647093133312 @ https://docs.google.com/picker/static/resources/client/js/1302273251-picker_modularized_opc.js:213
[ 1360690ms] [ERROR] Unable to preventDefault inside passive event listener due to target being treated as passive. See https://www.chromestatus.com/feature/6662647093133312 @ https://docs.google.com/picker/static/resources/client/js/1302273251-picker_modularized_opc.js:213
[ 1360707ms] [ERROR] Unable to preventDefault inside passive event listener due to target being treated as passive. See https://www.chromestatus.com/feature/6662647093133312 @ https://docs.google.com/picker/static/resources/client/js/1302273251-picker_modularized_opc.js:213
[ 1360726ms] [ERROR] Unable to preventDefault inside passive event listener due to target being treated as passive. See https://www.chromestatus.com/feature/6662647093133312 @ https://docs.google.com/picker/static/resources/client/js/1302273251-picker_modularized_opc.js:213
[ 1360740ms] [ERROR] Unable to preventDefault inside passive event listener due to target being treated as passive. See https://www.chromestatus.com/feature/6662647093133312 @ https://docs.google.com/picker/static/resources/client/js/1302273251-picker_modularized_opc.js:213
[ 1360757ms] [ERROR] Unable to preventDefault inside passive event listener due to target being treated as passive. See https://www.chromestatus.com/feature/6662647093133312 @ https://docs.google.com/picker/static/resources/client/js/1302273251-picker_modularized_opc.js:213
[ 1360773ms] [ERROR] Unable to preventDefault inside passive event listener due to target being treated as passive. See https://www.chromestatus.com/feature/6662647093133312 @ https://docs.google.com/picker/static/resources/client/js/1302273251-picker_modularized_opc.js:213
[ 1360790ms] [ERROR] Unable to preventDefault inside passive event listener due to target being treated as passive. See https://www.chromestatus.com/feature/6662647093133312 @ https://docs.google.com/picker/static/resources/client/js/1302273251-picker_modularized_opc.js:213
[ 1360808ms] [ERROR] Unable to preventDefault inside passive event listener due to target being treated as passive. See https://www.chromestatus.com/feature/6662647093133312 @ https://docs.google.com/picker/static/resources/client/js/1302273251-picker_modularized_opc.js:213
[ 1360824ms] [ERROR] Unable to preventDefault inside passive event listener due to target being treated as passive. See https://www.chromestatus.com/feature/6662647093133312 @ https://docs.google.com/picker/static/resources/client/js/1302273251-picker_modularized_opc.js:213
[ 1360840ms] [ERROR] Unable to preventDefault inside passive event listener due to target being treated as passive. See https://www.chromestatus.com/feature/6662647093133312 @ https://docs.google.com/picker/static/resources/client/js/1302273251-picker_modularized_opc.js:213
[ 1360857ms] [ERROR] Unable to preventDefault inside passive event listener due to target being treated as passive. See https://www.chromestatus.com/feature/6662647093133312 @ https://docs.google.com/picker/static/resources/client/js/1302273251-picker_modularized_opc.js:213
[ 1360874ms] [ERROR] Unable to preventDefault inside passive event listener due to target being treated as passive. See https://www.chromestatus.com/feature/6662647093133312 @ https://docs.google.com/picker/static/resources/client/js/1302273251-picker_modularized_opc.js:213
[ 1360890ms] [ERROR] Unable to preventDefault inside passive event listener due to target being treated as passive. See https://www.chromestatus.com/feature/6662647093133312 @ https://docs.google.com/picker/static/resources/client/js/1302273251-picker_modularized_opc.js:213
[ 1360907ms] [ERROR] Unable to preventDefault inside passive event listener due to target being treated as passive. See https://www.chromestatus.com/feature/6662647093133312 @ https://docs.google.com/picker/static/resources/client/js/1302273251-picker_modularized_opc.js:213
[ 1360924ms] [ERROR] Unable to preventDefault inside passive event listener due to target being treated as passive. See https://www.chromestatus.com/feature/6662647093133312 @ https://docs.google.com/picker/static/resources/client/js/1302273251-picker_modularized_opc.js:213
[ 1360940ms] [ERROR] Unable to preventDefault inside passive event listener due to target being treated as passive. See https://www.chromestatus.com/feature/6662647093133312 @ https://docs.google.com/picker/static/resources/client/js/1302273251-picker_modularized_opc.js:213
[ 1360957ms] [ERROR] Unable to preventDefault inside passive event listener due to target being treated as passive. See https://www.chromestatus.com/feature/6662647093133312 @ https://docs.google.com/picker/static/resources/client/js/1302273251-picker_modularized_opc.js:213
[ 1360973ms] [ERROR] Unable to preventDefault inside passive event listener due to target being treated as passive. See https://www.chromestatus.com/feature/6662647093133312 @ https://docs.google.com/picker/static/resources/client/js/1302273251-picker_modularized_opc.js:213
[ 1360990ms] [ERROR] Unable to preventDefault inside passive event listener due to target being treated as passive. See https://www.chromestatus.com/feature/6662647093133312 @ https://docs.google.com/picker/static/resources/client/js/1302273251-picker_modularized_opc.js:213
[ 1361007ms] [ERROR] Unable to preventDefault inside passive event listener due to target being treated as passive. See https://www.chromestatus.com/feature/6662647093133312 @ https://docs.google.com/picker/static/resources/client/js/1302273251-picker_modularized_opc.js:213
[ 1361024ms] [ERROR] Unable to preventDefault inside passive event listener due to target being treated as passive. See https://www.chromestatus.com/feature/6662647093133312 @ https://docs.google.com/picker/static/resources/client/js/1302273251-picker_modularized_opc.js:213
[ 1361040ms] [ERROR] Unable to preventDefault inside passive event listener due to target being treated as passive. See https://www.chromestatus.com/feature/6662647093133312 @ https://docs.google.com/picker/static/resources/client/js/1302273251-picker_modularized_opc.js:213
[ 1361057ms] [ERROR] Unable to preventDefault inside passive event listener due to target being treated as passive. See https://www.chromestatus.com/feature/6662647093133312 @ https://docs.google.com/picker/static/resources/client/js/1302273251-picker_modularized_opc.js:213
[ 1361074ms] [ERROR] Unable to preventDefault inside passive event listener due to target being treated as passive. See https://www.chromestatus.com/feature/6662647093133312 @ https://docs.google.com/picker/static/resources/client/js/1302273251-picker_modularized_opc.js:213
[ 1361090ms] [ERROR] Unable to preventDefault inside passive event listener due to target being treated as passive. See https://www.chromestatus.com/feature/6662647093133312 @ https://docs.google.com/picker/static/resources/client/js/1302273251-picker_modularized_opc.js:213
[ 1361107ms] [ERROR] Unable to preventDefault inside passive event listener due to target being treated as passive. See https://www.chromestatus.com/feature/6662647093133312 @ https://docs.google.com/picker/static/resources/client/js/1302273251-picker_modularized_opc.js:213
[ 1361123ms] [ERROR] Unable to preventDefault inside passive event listener due to target being treated as passive. See https://www.chromestatus.com/feature/6662647093133312 @ https://docs.google.com/picker/static/resources/client/js/1302273251-picker_modularized_opc.js:213
[ 1361140ms] [ERROR] Unable to preventDefault inside passive event listener due to target being treated as passive. See https://www.chromestatus.com/feature/6662647093133312 @ https://docs.google.com/picker/static/resources/client/js/1302273251-picker_modularized_opc.js:213
[ 1361173ms] [ERROR] Unable to preventDefault inside passive event listener due to target being treated as passive. See https://www.chromestatus.com/feature/6662647093133312 @ https://docs.google.com/picker/static/resources/client/js/1302273251-picker_modularized_opc.js:213
[ 1361207ms] [ERROR] Unable to preventDefault inside passive event listener due to target being treated as passive. See https://www.chromestatus.com/feature/6662647093133312 @ https://docs.google.com/picker/static/resources/client/js/1302273251-picker_modularized_opc.js:213
[ 1361274ms] [ERROR] Unable to preventDefault inside passive event listener due to target being treated as passive. See https://www.chromestatus.com/feature/6662647093133312 @ https://docs.google.com/picker/static/resources/client/js/1302273251-picker_modularized_opc.js:213
[ 1361373ms] [ERROR] Unable to preventDefault inside passive event listener due to target being treated as passive. See https://www.chromestatus.com/feature/6662647093133312 @ https://docs.google.com/picker/static/resources/client/js/1302273251-picker_modularized_opc.js:213
[ 1407509ms] [ERROR] Unable to preventDefault inside passive event listener due to target being treated as passive. See https://www.chromestatus.com/feature/6662647093133312 @ https://docs.google.com/picker/static/resources/client/js/1302273251-picker_modularized_opc.js:213
[ 1407523ms] [ERROR] Unable to preventDefault inside passive event listener due to target being treated as passive. See https://www.chromestatus.com/feature/6662647093133312 @ https://docs.google.com/picker/static/resources/client/js/1302273251-picker_modularized_opc.js:213
[ 1407540ms] [ERROR] Unable to preventDefault inside passive event listener due to target being treated as passive. See https://www.chromestatus.com/feature/6662647093133312 @ https://docs.google.com/picker/static/resources/client/js/1302273251-picker_modularized_opc.js:213
[ 1407557ms] [ERROR] Unable to preventDefault inside passive event listener due to target being treated as passive. See https://www.chromestatus.com/feature/6662647093133312 @ https://docs.google.com/picker/static/resources/client/js/1302273251-picker_modularized_opc.js:213
[ 1407573ms] [ERROR] Unable to preventDefault inside passive event listener due to target being treated as passive. See https://www.chromestatus.com/feature/6662647093133312 @ https://docs.google.com/picker/static/resources/client/js/1302273251-picker_modularized_opc.js:213
[ 1407590ms] [ERROR] Unable to preventDefault inside passive event listener due to target being treated as passive. See https://www.chromestatus.com/feature/6662647093133312 @ https://docs.google.com/picker/static/resources/client/js/1302273251-picker_modularized_opc.js:213
[ 1407607ms] [ERROR] Unable to preventDefault inside passive event listener due to target being treated as passive. See https://www.chromestatus.com/feature/6662647093133312 @ https://docs.google.com/picker/static/resources/client/js/1302273251-picker_modularized_opc.js:213
[ 1407623ms] [ERROR] Unable to preventDefault inside passive event listener due to target being treated as passive. See https://www.chromestatus.com/feature/6662647093133312 @ https://docs.google.com/picker/static/resources/client/js/1302273251-picker_modularized_opc.js:213
[ 1407641ms] [ERROR] Unable to preventDefault inside passive event listener due to target being treated as passive. See https://www.chromestatus.com/feature/6662647093133312 @ https://docs.google.com/picker/static/resources/client/js/1302273251-picker_modularized_opc.js:213
[ 1407657ms] [ERROR] Unable to preventDefault inside passive event listener due to target being treated as passive. See https://www.chromestatus.com/feature/6662647093133312 @ https://docs.google.com/picker/static/resources/client/js/1302273251-picker_modularized_opc.js:213
[ 1407674ms] [ERROR] Unable to preventDefault inside passive event listener due to target being treated as passive. See https://www.chromestatus.com/feature/6662647093133312 @ https://docs.google.com/picker/static/resources/client/js/1302273251-picker_modularized_opc.js:213
[ 1407690ms] [ERROR] Unable to preventDefault inside passive event listener due to target being treated as passive. See https://www.chromestatus.com/feature/6662647093133312 @ https://docs.google.com/picker/static/resources/client/js/1302273251-picker_modularized_opc.js:213
[ 1407707ms] [ERROR] Unable to preventDefault inside passive event listener due to target being treated as passive. See https://www.chromestatus.com/feature/6662647093133312 @ https://docs.google.com/picker/static/resources/client/js/1302273251-picker_modularized_opc.js:213
[ 1407724ms] [ERROR] Unable to preventDefault inside passive event listener due to target being treated as passive. See https://www.chromestatus.com/feature/6662647093133312 @ https://docs.google.com/picker/static/resources/client/js/1302273251-picker_modularized_opc.js:213
[ 1407740ms] [ERROR] Unable to preventDefault inside passive event listener due to target being treated as passive. See https://www.chromestatus.com/feature/6662647093133312 @ https://docs.google.com/picker/static/resources/client/js/1302273251-picker_modularized_opc.js:213
[ 1407757ms] [ERROR] Unable to preventDefault inside passive event listener due to target being treated as passive. See https://www.chromestatus.com/feature/6662647093133312 @ https://docs.google.com/picker/static/resources/client/js/1302273251-picker_modularized_opc.js:213
[ 1407773ms] [ERROR] Unable to preventDefault inside passive event listener due to target being treated as passive. See https://www.chromestatus.com/feature/6662647093133312 @ https://docs.google.com/picker/static/resources/client/js/1302273251-picker_modularized_opc.js:213
[ 1407790ms] [ERROR] Unable to preventDefault inside passive event listener due to target being treated as passive. See https://www.chromestatus.com/feature/6662647093133312 @ https://docs.google.com/picker/static/resources/client/js/1302273251-picker_modularized_opc.js:213
[ 1407807ms] [ERROR] Unable to preventDefault inside passive event listener due to target being treated as passive. See https://www.chromestatus.com/feature/6662647093133312 @ https://docs.google.com/picker/static/resources/client/js/1302273251-picker_modularized_opc.js:213
[ 1407823ms] [ERROR] Unable to preventDefault inside passive event listener due to target being treated as passive. See https://www.chromestatus.com/feature/6662647093133312 @ https://docs.google.com/picker/static/resources/client/js/1302273251-picker_modularized_opc.js:213
[ 1407841ms] [ERROR] Unable to preventDefault inside passive event listener due to target being treated as passive. See https://www.chromestatus.com/feature/6662647093133312 @ https://docs.google.com/picker/static/resources/client/js/1302273251-picker_modularized_opc.js:213
[ 1408024ms] [ERROR] Unable to preventDefault inside passive event listener due to target being treated as passive. See https://www.chromestatus.com/feature/6662647093133312 @ https://docs.google.com/picker/static/resources/client/js/1302273251-picker_modularized_opc.js:213
[ 1408040ms] [ERROR] Unable to preventDefault inside passive event listener due to target being treated as passive. See https://www.chromestatus.com/feature/6662647093133312 @ https://docs.google.com/picker/static/resources/client/js/1302273251-picker_modularized_opc.js:213
[ 1408058ms] [ERROR] Unable to preventDefault inside passive event listener due to target being treated as passive. See https://www.chromestatus.com/feature/6662647093133312 @ https://docs.google.com/picker/static/resources/client/js/1302273251-picker_modularized_opc.js:213
[ 1408076ms] [ERROR] Unable to preventDefault inside passive event listener due to target being treated as passive. See https://www.chromestatus.com/feature/6662647093133312 @ https://docs.google.com/picker/static/resources/client/js/1302273251-picker_modularized_opc.js:213
[ 1408090ms] [ERROR] Unable to preventDefault inside passive event listener due to target being treated as passive. See https://www.chromestatus.com/feature/6662647093133312 @ https://docs.google.com/picker/static/resources/client/js/1302273251-picker_modularized_opc.js:213
[ 1408107ms] [ERROR] Unable to preventDefault inside passive event listener due to target being treated as passive. See https://www.chromestatus.com/feature/6662647093133312 @ https://docs.google.com/picker/static/resources/client/js/1302273251-picker_modularized_opc.js:213
[ 1408123ms] [ERROR] Unable to preventDefault inside passive event listener due to target being treated as passive. See https://www.chromestatus.com/feature/6662647093133312 @ https://docs.google.com/picker/static/resources/client/js/1302273251-picker_modularized_opc.js:213
[ 1408140ms] [ERROR] Unable to preventDefault inside passive event listener due to target being treated as passive. See https://www.chromestatus.com/feature/6662647093133312 @ https://docs.google.com/picker/static/resources/client/js/1302273251-picker_modularized_opc.js:213
[ 1408157ms] [ERROR] Unable to preventDefault inside passive event listener due to target being treated as passive. See https://www.chromestatus.com/feature/6662647093133312 @ https://docs.google.com/picker/static/resources/client/js/1302273251-picker_modularized_opc.js:213
[ 1408174ms] [ERROR] Unable to preventDefault inside passive event listener due to target being treated as passive. See https://www.chromestatus.com/feature/6662647093133312 @ https://docs.google.com/picker/static/resources/client/js/1302273251-picker_modularized_opc.js:213
[ 1408207ms] [ERROR] Unable to preventDefault inside passive event listener due to target being treated as passive. See https://www.chromestatus.com/feature/6662647093133312 @ https://docs.google.com/picker/static/resources/client/js/1302273251-picker_modularized_opc.js:213
[ 1408240ms] [ERROR] Unable to preventDefault inside passive event listener due to target being treated as passive. See https://www.chromestatus.com/feature/6662647093133312 @ https://docs.google.com/picker/static/resources/client/js/1302273251-picker_modularized_opc.js:213
[ 1408274ms] [ERROR] Unable to preventDefault inside passive event listener due to target being treated as passive. See https://www.chromestatus.com/feature/6662647093133312 @ https://docs.google.com/picker/static/resources/client/js/1302273251-picker_modularized_opc.js:213
[ 1408357ms] [ERROR] Unable to preventDefault inside passive event listener due to target being treated as passive. See https://www.chromestatus.com/feature/6662647093133312 @ https://docs.google.com/picker/static/resources/client/js/1302273251-picker_modularized_opc.js:213
[ 1408507ms] [ERROR] Unable to preventDefault inside passive event listener due to target being treated as passive. See https://www.chromestatus.com/feature/6662647093133312 @ https://docs.google.com/picker/static/resources/client/js/1302273251-picker_modularized_opc.js:213
[ 1434590ms] [ERROR] Cross-Origin-Opener-Policy policy would block the window.opener call. @ https://apis.google.com/_/scs/abc-static/_/js/k=gapi.lb.en.PJsh2cctCQI.O/m=client,picker/rt=j/sv=1/d=1/ed=1/rs=AHpOoo_QlMhY2cycn60Rs8eI1WInRwuahw/cb=gapi.loaded_0?le=scs,fedcm_migration_mod:435
[ 1434590ms] [ERROR] Cross-Origin-Opener-Policy policy would block the window.opener call. @ https://apis.google.com/_/scs/abc-static/_/js/k=gapi.lb.en.PJsh2cctCQI.O/m=client,picker/rt=j/sv=1/d=1/ed=1/rs=AHpOoo_QlMhY2cycn60Rs8eI1WInRwuahw/cb=gapi.loaded_0?le=scs,fedcm_migration_mod:435
[ 1360505ms] [ERROR] Unable to preventDefault inside passive event listener due to target being treated as passive. See https://www.chromestatus.com/feature/6662647093133312 @ https://docs.google.com/picker/static/resources/client/js/1302273251-picker_modularized_opc.js:213
[ 1360523ms] [ERROR] Unable to preventDefault inside passive event listener due to target being treated as passive. See https://www.chromestatus.com/feature/6662647093133312 @ https://docs.google.com/picker/static/resources/client/js/1302273251-picker_modularized_opc.js:213
[ 1360540ms] [ERROR] Unable to preventDefault inside passive event listener due to target being treated as passive. See https://www.chromestatus.com/feature/6662647093133312 @ https://docs.google.com/picker/static/resources/client/js/1302273251-picker_modularized_opc.js:213
[ 1360557ms] [ERROR] Unable to preventDefault inside passive event listener due to target being treated as passive. See https://www.chromestatus.com/feature/6662647093133312 @ https://docs.google.com/picker/static/resources/client/js/1302273251-picker_modularized_opc.js:213
[ 1360573ms] [ERROR] Unable to preventDefault inside passive event listener due to target being treated as passive. See https://www.chromestatus.com/feature/6662647093133312 @ https://docs.google.com/picker/static/resources/client/js/1302273251-picker_modularized_opc.js:213
[ 1360607ms] [ERROR] Unable to preventDefault inside passive event listener due to target being treated as passive. See https://www.chromestatus.com/feature/6662647093133312 @ https://docs.google.com/picker/static/resources/client/js/1302273251-picker_modularized_opc.js:213
[ 1360623ms] [ERROR] Unable to preventDefault inside passive event listener due to target being treated as passive. See https://www.chromestatus.com/feature/6662647093133312 @ https://docs.google.com/picker/static/resources/client/js/1302273251-picker_modularized_opc.js:213
[ 1360641ms] [ERROR] Unable to preventDefault inside passive event listener due to target being treated as passive. See https://www.chromestatus.com/feature/6662647093133312 @ https://docs.google.com/picker/static/resources/client/js/1302273251-picker_modularized_opc.js:213
[ 1360674ms] [ERROR] Unable to preventDefault inside passive event listener due to target being treated as passive. See https://www.chromestatus.com/feature/6662647093133312 @ https://docs.google.com/picker/static/resources/client/js/1302273251-picker_modularized_opc.js:213
[ 1360690ms] [ERROR] Unable to preventDefault inside passive event listener due to target being treated as passive. See https://www.chromestatus.com/feature/6662647093133312 @ https://docs.google.com/picker/static/resources/client/js/1302273251-picker_modularized_opc.js:213
[ 1360707ms] [ERROR] Unable to preventDefault inside passive event listener due to target being treated as passive. See https://www.chromestatus.com/feature/6662647093133312 @ https://docs.google.com/picker/static/resources/client/js/1302273251-picker_modularized_opc.js:213
[ 1360726ms] [ERROR] Unable to preventDefault inside passive event listener due to target being treated as passive. See https://www.chromestatus.com/feature/6662647093133312 @ https://docs.google.com/picker/static/resources/client/js/1302273251-picker_modularized_opc.js:213
[ 1360740ms] [ERROR] Unable to preventDefault inside passive event listener due to target being treated as passive. See https://www.chromestatus.com/feature/6662647093133312 @ https://docs.google.com/picker/static/resources/client/js/1302273251-picker_modularized_opc.js:213
[ 1360757ms] [ERROR] Unable to preventDefault inside passive event listener due to target being treated as passive. See https://www.chromestatus.com/feature/6662647093133312 @ https://docs.google.com/picker/static/resources/client/js/1302273251-picker_modularized_opc.js:213
[ 1360773ms] [ERROR] Unable to preventDefault inside passive event listener due to target being treated as passive. See https://www.chromestatus.com/feature/6662647093133312 @ https://docs.google.com/picker/static/resources/client/js/1302273251-picker_modularized_opc.js:213
[ 1360790ms] [ERROR] Unable to preventDefault inside passive event listener due to target being treated as passive. See https://www.chromestatus.com/feature/6662647093133312 @ https://docs.google.com/picker/static/resources/client/js/1302273251-picker_modularized_opc.js:213
[ 1360808ms] [ERROR] Unable to preventDefault inside passive event listener due to target being treated as passive. See https://www.chromestatus.com/feature/6662647093133312 @ https://docs.google.com/picker/static/resources/client/js/1302273251-picker_modularized_opc.js:213
[ 1360824ms] [ERROR] Unable to preventDefault inside passive event listener due to target being treated as passive. See https://www.chromestatus.com/feature/6662647093133312 @ https://docs.google.com/picker/static/resources/client/js/1302273251-picker_modularized_opc.js:213
[ 1360840ms] [ERROR] Unable to preventDefault inside passive event listener due to target being treated as passive. See https://www.chromestatus.com/feature/6662647093133312 @ https://docs.google.com/picker/static/resources/client/js/1302273251-picker_modularized_opc.js:213
[ 1360857ms] [ERROR] Unable to preventDefault inside passive event listener due to target being treated as passive. See https://www.chromestatus.com/feature/6662647093133312 @ https://docs.google.com/picker/static/resources/client/js/1302273251-picker_modularized_opc.js:213
[ 1360874ms] [ERROR] Unable to preventDefault inside passive event listener due to target being treated as passive. See https://www.chromestatus.com/feature/6662647093133312 @ https://docs.google.com/picker/static/resources/client/js/1302273251-picker_modularized_opc.js:213
[ 1360890ms] [ERROR] Unable to preventDefault inside passive event listener due to target being treated as passive. See https://www.chromestatus.com/feature/6662647093133312 @ https://docs.google.com/picker/static/resources/client/js/1302273251-picker_modularized_opc.js:213
[ 1360907ms] [ERROR] Unable to preventDefault inside passive event listener due to target being treated as passive. See https://www.chromestatus.com/feature/6662647093133312 @ https://docs.google.com/picker/static/resources/client/js/1302273251-picker_modularized_opc.js:213
[ 1360924ms] [ERROR] Unable to preventDefault inside passive event listener due to target being treated as passive. See https://www.chromestatus.com/feature/6662647093133312 @ https://docs.google.com/picker/static/resources/client/js/1302273251-picker_modularized_opc.js:213
[ 1360940ms] [ERROR] Unable to preventDefault inside passive event listener due to target being treated as passive. See https://www.chromestatus.com/feature/6662647093133312 @ https://docs.google.com/picker/static/resources/client/js/1302273251-picker_modularized_opc.js:213
[ 1360957ms] [ERROR] Unable to preventDefault inside passive event listener due to target being treated as passive. See https://www.chromestatus.com/feature/6662647093133312 @ https://docs.google.com/picker/static/resources/client/js/1302273251-picker_modularized_opc.js:213
[ 1360973ms] [ERROR] Unable to preventDefault inside passive event listener due to target being treated as passive. See https://www.chromestatus.com/feature/6662647093133312 @ https://docs.google.com/picker/static/resources/client/js/1302273251-picker_modularized_opc.js:213
[ 1360990ms] [ERROR] Unable to preventDefault inside passive event listener due to target being treated as passive. See https://www.chromestatus.com/feature/6662647093133312 @ https://docs.google.com/picker/static/resources/client/js/1302273251-picker_modularized_opc.js:213
[ 1361007ms] [ERROR] Unable to preventDefault inside passive event listener due to target being treated as passive. See https://www.chromestatus.com/feature/6662647093133312 @ https://docs.google.com/picker/static/resources/client/js/1302273251-picker_modularized_opc.js:213
[ 1361024ms] [ERROR] Unable to preventDefault inside passive event listener due to target being treated as passive. See https://www.chromestatus.com/feature/6662647093133312 @ https://docs.google.com/picker/static/resources/client/js/1302273251-picker_modularized_opc.js:213
[ 1361040ms] [ERROR] Unable to preventDefault inside passive event listener due to target being treated as passive. See https://www.chromestatus.com/feature/6662647093133312 @ https://docs.google.com/picker/static/resources/client/js/1302273251-picker_modularized_opc.js:213
[ 1361057ms] [ERROR] Unable to preventDefault inside passive event listener due to target being treated as passive. See https://www.chromestatus.com/feature/6662647093133312 @ https://docs.google.com/picker/static/resources/client/js/1302273251-picker_modularized_opc.js:213
[ 1361074ms] [ERROR] Unable to preventDefault inside passive event listener due to target being treated as passive. See https://www.chromestatus.com/feature/6662647093133312 @ https://docs.google.com/picker/static/resources/client/js/1302273251-picker_modularized_opc.js:213
[ 1361090ms] [ERROR] Unable to preventDefault inside passive event listener due to target being treated as passive. See https://www.chromestatus.com/feature/6662647093133312 @ https://docs.google.com/picker/static/resources/client/js/1302273251-picker_modularized_opc.js:213
[ 1361107ms] [ERROR] Unable to preventDefault inside passive event listener due to target being treated as passive. See https://www.chromestatus.com/feature/6662647093133312 @ https://docs.google.com/picker/static/resources/client/js/1302273251-picker_modularized_opc.js:213
[ 1361123ms] [ERROR] Unable to preventDefault inside passive event listener due to target being treated as passive. See https://www.chromestatus.com/feature/6662647093133312 @ https://docs.google.com/picker/static/resources/client/js/1302273251-picker_modularized_opc.js:213
[ 1361140ms] [ERROR] Unable to preventDefault inside passive event listener due to target being treated as passive. See https://www.chromestatus.com/feature/6662647093133312 @ https://docs.google.com/picker/static/resources/client/js/1302273251-picker_modularized_opc.js:213
[ 1361173ms] [ERROR] Unable to preventDefault inside passive event listener due to target being treated as passive. See https://www.chromestatus.com/feature/6662647093133312 @ https://docs.google.com/picker/static/resources/client/js/1302273251-picker_modularized_opc.js:213
[ 1361207ms] [ERROR] Unable to preventDefault inside passive event listener due to target being treated as passive. See https://www.chromestatus.com/feature/6662647093133312 @ https://docs.google.com/picker/static/resources/client/js/1302273251-picker_modularized_opc.js:213
[ 1361274ms] [ERROR] Unable to preventDefault inside passive event listener due to target being treated as passive. See https://www.chromestatus.com/feature/6662647093133312 @ https://docs.google.com/picker/static/resources/client/js/1302273251-picker_modularized_opc.js:213
[ 1361373ms] [ERROR] Unable to preventDefault inside passive event listener due to target being treated as passive. See https://www.chromestatus.com/feature/6662647093133312 @ https://docs.google.com/picker/static/resources/client/js/1302273251-picker_modularized_opc.js:213
[ 1407509ms] [ERROR] Unable to preventDefault inside passive event listener due to target being treated as passive. See https://www.chromestatus.com/feature/6662647093133312 @ https://docs.google.com/picker/static/resources/client/js/1302273251-picker_modularized_opc.js:213
[ 1407523ms] [ERROR] Unable to preventDefault inside passive event listener due to target being treated as passive. See https://www.chromestatus.com/feature/6662647093133312 @ https://docs.google.com/picker/static/resources/client/js/1302273251-picker_modularized_opc.js:213
[ 1407540ms] [ERROR] Unable to preventDefault inside passive event listener due to target being treated as passive. See https://www.chromestatus.com/feature/6662647093133312 @ https://docs.google.com/picker/static/resources/client/js/1302273251-picker_modularized_opc.js:213
[ 1407557ms] [ERROR] Unable to preventDefault inside passive event listener due to target being treated as passive. See https://www.chromestatus.com/feature/6662647093133312 @ https://docs.google.com/picker/static/resources/client/js/1302273251-picker_modularized_opc.js:213
[ 1407573ms] [ERROR] Unable to preventDefault inside passive event listener due to target being treated as passive. See https://www.chromestatus.com/feature/6662647093133312 @ https://docs.google.com/picker/static/resources/client/js/1302273251-picker_modularized_opc.js:213
[ 1407590ms] [ERROR] Unable to preventDefault inside passive event listener due to target being treated as passive. See https://www.chromestatus.com/feature/6662647093133312 @ https://docs.google.com/picker/static/resources/client/js/1302273251-picker_modularized_opc.js:213
[ 1407607ms] [ERROR] Unable to preventDefault inside passive event listener due to target being treated as passive. See https://www.chromestatus.com/feature/6662647093133312 @ https://docs.google.com/picker/static/resources/client/js/1302273251-picker_modularized_opc.js:213
[ 1407623ms] [ERROR] Unable to preventDefault inside passive event listener due to target being treated as passive. See https://www.chromestatus.com/feature/6662647093133312 @ https://docs.google.com/picker/static/resources/client/js/1302273251-picker_modularized_opc.js:213
[ 1407641ms] [ERROR] Unable to preventDefault inside passive event listener due to target being treated as passive. See https://www.chromestatus.com/feature/6662647093133312 @ https://docs.google.com/picker/static/resources/client/js/1302273251-picker_modularized_opc.js:213
[ 1407657ms] [ERROR] Unable to preventDefault inside passive event listener due to target being treated as passive. See https://www.chromestatus.com/feature/6662647093133312 @ https://docs.google.com/picker/static/resources/client/js/1302273251-picker_modularized_opc.js:213
[ 1407674ms] [ERROR] Unable to preventDefault inside passive event listener due to target being treated as passive. See https://www.chromestatus.com/feature/6662647093133312 @ https://docs.google.com/picker/static/resources/client/js/1302273251-picker_modularized_opc.js:213
[ 1407690ms] [ERROR] Unable to preventDefault inside passive event listener due to target being treated as passive. See https://www.chromestatus.com/feature/6662647093133312 @ https://docs.google.com/picker/static/resources/client/js/1302273251-picker_modularized_opc.js:213
[ 1407707ms] [ERROR] Unable to preventDefault inside passive event listener due to target being treated as passive. See https://www.chromestatus.com/feature/6662647093133312 @ https://docs.google.com/picker/static/resources/client/js/1302273251-picker_modularized_opc.js:213
[ 1407724ms] [ERROR] Unable to preventDefault inside passive event listener due to target being treated as passive. See https://www.chromestatus.com/feature/6662647093133312 @ https://docs.google.com/picker/static/resources/client/js/1302273251-picker_modularized_opc.js:213
[ 1407740ms] [ERROR] Unable to preventDefault inside passive event listener due to target being treated as passive. See https://www.chromestatus.com/feature/6662647093133312 @ https://docs.google.com/picker/static/resources/client/js/1302273251-picker_modularized_opc.js:213
[ 1407757ms] [ERROR] Unable to preventDefault inside passive event listener due to target being treated as passive. See https://www.chromestatus.com/feature/6662647093133312 @ https://docs.google.com/picker/static/resources/client/js/1302273251-picker_modularized_opc.js:213
[ 1407773ms] [ERROR] Unable to preventDefault inside passive event listener due to target being treated as passive. See https://www.chromestatus.com/feature/6662647093133312 @ https://docs.google.com/picker/static/resources/client/js/1302273251-picker_modularized_opc.js:213
[ 1407790ms] [ERROR] Unable to preventDefault inside passive event listener due to target being treated as passive. See https://www.chromestatus.com/feature/6662647093133312 @ https://docs.google.com/picker/static/resources/client/js/1302273251-picker_modularized_opc.js:213
[ 1407807ms] [ERROR] Unable to preventDefault inside passive event listener due to target being treated as passive. See https://www.chromestatus.com/feature/6662647093133312 @ https://docs.google.com/picker/static/resources/client/js/1302273251-picker_modularized_opc.js:213
[ 1407823ms] [ERROR] Unable to preventDefault inside passive event listener due to target being treated as passive. See https://www.chromestatus.com/feature/6662647093133312 @ https://docs.google.com/picker/static/resources/client/js/1302273251-picker_modularized_opc.js:213
[ 1407841ms] [ERROR] Unable to preventDefault inside passive event listener due to target being treated as passive. See https://www.chromestatus.com/feature/6662647093133312 @ https://docs.google.com/picker/static/resources/client/js/1302273251-picker_modularized_opc.js:213
[ 1408024ms] [ERROR] Unable to preventDefault inside passive event listener due to target being treated as passive. See https://www.chromestatus.com/feature/6662647093133312 @ https://docs.google.com/picker/static/resources/client/js/1302273251-picker_modularized_opc.js:213
[ 1408040ms] [ERROR] Unable to preventDefault inside passive event listener due to target being treated as passive. See https://www.chromestatus.com/feature/6662647093133312 @ https://docs.google.com/picker/static/resources/client/js/1302273251-picker_modularized_opc.js:213
[ 1408058ms] [ERROR] Unable to preventDefault inside passive event listener due to target being treated as passive. See https://www.chromestatus.com/feature/6662647093133312 @ https://docs.google.com/picker/static/resources/client/js/1302273251-picker_modularized_opc.js:213
[ 1408076ms] [ERROR] Unable to preventDefault inside passive event listener due to target being treated as passive. See https://www.chromestatus.com/feature/6662647093133312 @ https://docs.google.com/picker/static/resources/client/js/1302273251-picker_modularized_opc.js:213
[ 1408090ms] [ERROR] Unable to preventDefault inside passive event listener due to target being treated as passive. See https://www.chromestatus.com/feature/6662647093133312 @ https://docs.google.com/picker/static/resources/client/js/1302273251-picker_modularized_opc.js:213
[ 1408107ms] [ERROR] Unable to preventDefault inside passive event listener due to target being treated as passive. See https://www.chromestatus.com/feature/6662647093133312 @ https://docs.google.com/picker/static/resources/client/js/1302273251-picker_modularized_opc.js:213
[ 1408123ms] [ERROR] Unable to preventDefault inside passive event listener due to target being treated as passive. See https://www.chromestatus.com/feature/6662647093133312 @ https://docs.google.com/picker/static/resources/client/js/1302273251-picker_modularized_opc.js:213
[ 1408140ms] [ERROR] Unable to preventDefault inside passive event listener due to target being treated as passive. See https://www.chromestatus.com/feature/6662647093133312 @ https://docs.google.com/picker/static/resources/client/js/1302273251-picker_modularized_opc.js:213
[ 1408157ms] [ERROR] Unable to preventDefault inside passive event listener due to target being treated as passive. See https://www.chromestatus.com/feature/6662647093133312 @ https://docs.google.com/picker/static/resources/client/js/1302273251-picker_modularized_opc.js:213
[ 1408174ms] [ERROR] Unable to preventDefault inside passive event listener due to target being treated as passive. See https://www.chromestatus.com/feature/6662647093133312 @ https://docs.google.com/picker/static/resources/client/js/1302273251-picker_modularized_opc.js:213
[ 1408207ms] [ERROR] Unable to preventDefault inside passive event listener due to target being treated as passive. See https://www.chromestatus.com/feature/6662647093133312 @ https://docs.google.com/picker/static/resources/client/js/1302273251-picker_modularized_opc.js:213
[ 1408240ms] [ERROR] Unable to preventDefault inside passive event listener due to target being treated as passive. See https://www.chromestatus.com/feature/6662647093133312 @ https://docs.google.com/picker/static/resources/client/js/1302273251-picker_modularized_opc.js:213
[ 1408274ms] [ERROR] Unable to preventDefault inside passive event listener due to target being treated as passive. See https://www.chromestatus.com/feature/6662647093133312 @ https://docs.google.com/picker/static/resources/client/js/1302273251-picker_modularized_opc.js:213
[ 1408357ms] [ERROR] Unable to preventDefault inside passive event listener due to target being treated as passive. See https://www.chromestatus.com/feature/6662647093133312 @ https://docs.google.com/picker/static/resources/client/js/1302273251-picker_modularized_opc.js:213
[ 1408507ms] [ERROR] Unable to preventDefault inside passive event listener due to target being treated as passive. See https://www.chromestatus.com/feature/6662647093133312 @ https://docs.google.com/picker/static/resources/client/js/1302273251-picker_modularized_opc.js:213
[ 1436107ms] [ERROR] Unable to preventDefault inside passive event listener due to target being treated as passive. See https://www.chromestatus.com/feature/6662647093133312 @ https://docs.google.com/picker/static/resources/client/js/1302273251-picker_modularized_opc.js:213
[ 1436123ms] [ERROR] Unable to preventDefault inside passive event listener due to target being treated as passive. See https://www.chromestatus.com/feature/6662647093133312 @ https://docs.google.com/picker/static/resources/client/js/1302273251-picker_modularized_opc.js:213
[ 1436140ms] [ERROR] Unable to preventDefault inside passive event listener due to target being treated as passive. See https://www.chromestatus.com/feature/6662647093133312 @ https://docs.google.com/picker/static/resources/client/js/1302273251-picker_modularized_opc.js:213
[ 1436157ms] [ERROR] Unable to preventDefault inside passive event listener due to target being treated as passive. See https://www.chromestatus.com/feature/6662647093133312 @ https://docs.google.com/picker/static/resources/client/js/1302273251-picker_modularized_opc.js:213
[ 1436174ms] [ERROR] Unable to preventDefault inside passive event listener due to target being treated as passive. See https://www.chromestatus.com/feature/6662647093133312 @ https://docs.google.com/picker/static/resources/client/js/1302273251-picker_modularized_opc.js:213
[ 1436190ms] [ERROR] Unable to preventDefault inside passive event listener due to target being treated as passive. See https://www.chromestatus.com/feature/6662647093133312 @ https://docs.google.com/picker/static/resources/client/js/1302273251-picker_modularized_opc.js:213
[ 1436207ms] [ERROR] Unable to preventDefault inside passive event listener due to target being treated as passive. See https://www.chromestatus.com/feature/6662647093133312 @ https://docs.google.com/picker/static/resources/client/js/1302273251-picker_modularized_opc.js:213
[ 1436224ms] [ERROR] Unable to preventDefault inside passive event listener due to target being treated as passive. See https://www.chromestatus.com/feature/6662647093133312 @ https://docs.google.com/picker/static/resources/client/js/1302273251-picker_modularized_opc.js:213
[ 1436240ms] [ERROR] Unable to preventDefault inside passive event listener due to target being treated as passive. See https://www.chromestatus.com/feature/6662647093133312 @ https://docs.google.com/picker/static/resources/client/js/1302273251-picker_modularized_opc.js:213
[ 1436273ms] [ERROR] Unable to preventDefault inside passive event listener due to target being treated as passive. See https://www.chromestatus.com/feature/6662647093133312 @ https://docs.google.com/picker/static/resources/client/js/1302273251-picker_modularized_opc.js:213
[ 1436274ms] [ERROR] Unable to preventDefault inside passive event listener due to target being treated as passive. See https://www.chromestatus.com/feature/6662647093133312 @ https://docs.google.com/picker/static/resources/client/js/1302273251-picker_modularized_opc.js:213
[ 1436290ms] [ERROR] Unable to preventDefault inside passive event listener due to target being treated as passive. See https://www.chromestatus.com/feature/6662647093133312 @ https://docs.google.com/picker/static/resources/client/js/1302273251-picker_modularized_opc.js:213
[ 1436307ms] [ERROR] Unable to preventDefault inside passive event listener due to target being treated as passive. See https://www.chromestatus.com/feature/6662647093133312 @ https://docs.google.com/picker/static/resources/client/js/1302273251-picker_modularized_opc.js:213
[ 1436323ms] [ERROR] Unable to preventDefault inside passive event listener due to target being treated as passive. See https://www.chromestatus.com/feature/6662647093133312 @ https://docs.google.com/picker/static/resources/client/js/1302273251-picker_modularized_opc.js:213
[ 1436340ms] [ERROR] Unable to preventDefault inside passive event listener due to target being treated as passive. See https://www.chromestatus.com/feature/6662647093133312 @ https://docs.google.com/picker/static/resources/client/js/1302273251-picker_modularized_opc.js:213
[ 1436373ms] [ERROR] Unable to preventDefault inside passive event listener due to target being treated as passive. See https://www.chromestatus.com/feature/6662647093133312 @ https://docs.google.com/picker/static/resources/client/js/1302273251-picker_modularized_opc.js:213
[ 1436374ms] [ERROR] Unable to preventDefault inside passive event listener due to target being treated as passive. See https://www.chromestatus.com/feature/6662647093133312 @ https://docs.google.com/picker/static/resources/client/js/1302273251-picker_modularized_opc.js:213
[ 1436390ms] [ERROR] Unable to preventDefault inside passive event listener due to target being treated as passive. See https://www.chromestatus.com/feature/6662647093133312 @ https://docs.google.com/picker/static/resources/client/js/1302273251-picker_modularized_opc.js:213
[ 1436407ms] [ERROR] Unable to preventDefault inside passive event listener due to target being treated as passive. See https://www.chromestatus.com/feature/6662647093133312 @ https://docs.google.com/picker/static/resources/client/js/1302273251-picker_modularized_opc.js:213
[ 1436423ms] [ERROR] Unable to preventDefault inside passive event listener due to target being treated as passive. See https://www.chromestatus.com/feature/6662647093133312 @ https://docs.google.com/picker/static/resources/client/js/1302273251-picker_modularized_opc.js:213
[ 1436440ms] [ERROR] Unable to preventDefault inside passive event listener due to target being treated as passive. See https://www.chromestatus.com/feature/6662647093133312 @ https://docs.google.com/picker/static/resources/client/js/1302273251-picker_modularized_opc.js:213
[ 1436458ms] [ERROR] Unable to preventDefault inside passive event listener due to target being treated as passive. See https://www.chromestatus.com/feature/6662647093133312 @ https://docs.google.com/picker/static/resources/client/js/1302273251-picker_modularized_opc.js:213
[ 1436490ms] [ERROR] Unable to preventDefault inside passive event listener due to target being treated as passive. See https://www.chromestatus.com/feature/6662647093133312 @ https://docs.google.com/picker/static/resources/client/js/1302273251-picker_modularized_opc.js:213
[ 1436490ms] [ERROR] Unable to preventDefault inside passive event listener due to target being treated as passive. See https://www.chromestatus.com/feature/6662647093133312 @ https://docs.google.com/picker/static/resources/client/js/1302273251-picker_modularized_opc.js:213
[ 1436507ms] [ERROR] Unable to preventDefault inside passive event listener due to target being treated as passive. See https://www.chromestatus.com/feature/6662647093133312 @ https://docs.google.com/picker/static/resources/client/js/1302273251-picker_modularized_opc.js:213
[ 1436540ms] [ERROR] Unable to preventDefault inside passive event listener due to target being treated as passive. See https://www.chromestatus.com/feature/6662647093133312 @ https://docs.google.com/picker/static/resources/client/js/1302273251-picker_modularized_opc.js:213
[ 1436541ms] [ERROR] Unable to preventDefault inside passive event listener due to target being treated as passive. See https://www.chromestatus.com/feature/6662647093133312 @ https://docs.google.com/picker/static/resources/client/js/1302273251-picker_modularized_opc.js:213
[ 1436557ms] [ERROR] Unable to preventDefault inside passive event listener due to target being treated as passive. See https://www.chromestatus.com/feature/6662647093133312 @ https://docs.google.com/picker/static/resources/client/js/1302273251-picker_modularized_opc.js:213
[ 1436573ms] [ERROR] Unable to preventDefault inside passive event listener due to target being treated as passive. See https://www.chromestatus.com/feature/6662647093133312 @ https://docs.google.com/picker/static/resources/client/js/1302273251-picker_modularized_opc.js:213
[ 1436590ms] [ERROR] Unable to preventDefault inside passive event listener due to target being treated as passive. See https://www.chromestatus.com/feature/6662647093133312 @ https://docs.google.com/picker/static/resources/client/js/1302273251-picker_modularized_opc.js:213
[ 1436624ms] [ERROR] Unable to preventDefault inside passive event listener due to target being treated as passive. See https://www.chromestatus.com/feature/6662647093133312 @ https://docs.google.com/picker/static/resources/client/js/1302273251-picker_modularized_opc.js:213
[ 1436657ms] [ERROR] Unable to preventDefault inside passive event listener due to target being treated as passive. See https://www.chromestatus.com/feature/6662647093133312 @ https://docs.google.com/picker/static/resources/client/js/1302273251-picker_modularized_opc.js:213
[ 1436724ms] [ERROR] Unable to preventDefault inside passive event listener due to target being treated as passive. See https://www.chromestatus.com/feature/6662647093133312 @ https://docs.google.com/picker/static/resources/client/js/1302273251-picker_modularized_opc.js:213
[ 1681685ms] [ERROR] Connecting to 'https://www.recaptcha.net/recaptcha/enterprise/clr?k=6LfmcbcpAAAAAChNTbhUShzUOAMj_wY9LQIvLFX0' violates the following Content Security Policy directive: "connect-src 'self' api.mapbox.com docs.google.com/feeds/download/documents/export/Export *.amazonaws.com *.googleapis.com *.googleusercontent.com api.rollbar.com api.geocode.earth https://api-geocode-earth-proxy.greenhouse.io/ *.dropboxusercontent.com *.dropbox.com *.dropboxapi.com www.google.com auth.seek.com apply-api.gograyscale.com wss://apply-api-realtime.gograyscale.com apply.grsc.io https://prod-jben.prod-use1-0.gh.internal boards.greenhouse.io job-boards.cdn.greenhouse.io email-address-validator.us.greenhouse.io https://my.greenhouse.io c.spl.greenhouse.io". The action has been blocked. @ https://job-boards.cdn.greenhouse.io/assets/vendor-CSu851Dq.js:243
[ 1681685ms] [ERROR] Fetch API cannot load https://www.recaptcha.net/recaptcha/enterprise/clr?k=6LfmcbcpAAAAAChNTbhUShzUOAMj_wY9LQIvLFX0. Refused to connect because it violates the document's Content Security Policy. @ https://job-boards.cdn.greenhouse.io/assets/vendor-CSu851Dq.js:243
[ 1681686ms] [ERROR] Connecting to 'https://www.recaptcha.net/recaptcha/enterprise/clr?k=6LfmcbcpAAAAAChNTbhUShzUOAMj_wY9LQIvLFX0' violates the following Content Security Policy directive: "connect-src 'self' api.mapbox.com docs.google.com/feeds/download/documents/export/Export *.amazonaws.com *.googleapis.com *.googleusercontent.com api.rollbar.com api.geocode.earth https://api-geocode-earth-proxy.greenhouse.io/ *.dropboxusercontent.com *.dropbox.com *.dropboxapi.com www.google.com auth.seek.com apply-api.gograyscale.com wss://apply-api-realtime.gograyscale.com apply.grsc.io https://prod-jben.prod-use1-0.gh.internal boards.greenhouse.io job-boards.cdn.greenhouse.io email-address-validator.us.greenhouse.io https://my.greenhouse.io c.spl.greenhouse.io". The action has been blocked. @ https://job-boards.cdn.greenhouse.io/assets/vendor-CSu851Dq.js:243
[ 1681686ms] [ERROR] Fetch API cannot load https://www.recaptcha.net/recaptcha/enterprise/clr?k=6LfmcbcpAAAAAChNTbhUShzUOAMj_wY9LQIvLFX0. Refused to connect because it violates the document's Content Security Policy. @ https://job-boards.cdn.greenhouse.io/assets/vendor-CSu851Dq.js:243
[ 1681686ms] [ERROR] Connecting to 'https://www.recaptcha.net/recaptcha/enterprise/clr?k=6LfmcbcpAAAAAChNTbhUShzUOAMj_wY9LQIvLFX0' violates the following Content Security Policy directive: "connect-src 'self' api.mapbox.com docs.google.com/feeds/download/documents/export/Export *.amazonaws.com *.googleapis.com *.googleusercontent.com api.rollbar.com api.geocode.earth https://api-geocode-earth-proxy.greenhouse.io/ *.dropboxusercontent.com *.dropbox.com *.dropboxapi.com www.google.com auth.seek.com apply-api.gograyscale.com wss://apply-api-realtime.gograyscale.com apply.grsc.io https://prod-jben.prod-use1-0.gh.internal boards.greenhouse.io job-boards.cdn.greenhouse.io email-address-validator.us.greenhouse.io https://my.greenhouse.io c.spl.greenhouse.io". The action has been blocked. @ https://job-boards.cdn.greenhouse.io/assets/vendor-CSu851Dq.js:243
[ 1681686ms] [ERROR] Fetch API cannot load https://www.recaptcha.net/recaptcha/enterprise/clr?k=6LfmcbcpAAAAAChNTbhUShzUOAMj_wY9LQIvLFX0. Refused to connect because it violates the document's Content Security Policy. @ https://job-boards.cdn.greenhouse.io/assets/vendor-CSu851Dq.js:243
[ 1681686ms] [ERROR] Connecting to 'https://www.recaptcha.net/recaptcha/enterprise/clr?k=6LfmcbcpAAAAAChNTbhUShzUOAMj_wY9LQIvLFX0' violates the following Content Security Policy directive: "connect-src 'self' api.mapbox.com docs.google.com/feeds/download/documents/export/Export *.amazonaws.com *.googleapis.com *.googleusercontent.com api.rollbar.com api.geocode.earth https://api-geocode-earth-proxy.greenhouse.io/ *.dropboxusercontent.com *.dropbox.com *.dropboxapi.com www.google.com auth.seek.com apply-api.gograyscale.com wss://apply-api-realtime.gograyscale.com apply.grsc.io https://prod-jben.prod-use1-0.gh.internal boards.greenhouse.io job-boards.cdn.greenhouse.io email-address-validator.us.greenhouse.io https://my.greenhouse.io c.spl.greenhouse.io". The action has been blocked. @ https://job-boards.cdn.greenhouse.io/assets/vendor-CSu851Dq.js:243
[ 1681686ms] [ERROR] Fetch API cannot load https://www.recaptcha.net/recaptcha/enterprise/clr?k=6LfmcbcpAAAAAChNTbhUShzUOAMj_wY9LQIvLFX0. Refused to connect because it violates the document's Content Security Policy. @ https://job-boards.cdn.greenhouse.io/assets/vendor-CSu851Dq.js:243
