[      -2ms] [ERROR] Ignoring duplicate Content-Security-Policy directive 'report-to'. @ https://www.dropbox.com/dropins/login?app_key=mh9jyh4mfwjnfhj&cont=%2Fchooser%3Fapp_key%3Dmh9jyh4mfwjnfhj%26extensions%3D.pdf%2B.doc%2B.docx%2B.txt%2B.rtf%26folderselect%3Dfalse%26from_login%3DTrue%26iframe%3Dfalse%26link_type%3Ddirect%26multiselect%3Dfalse%26origin%3Dhttps%253A%252F%252Fjob-boards.greenhouse.io%26trigger%3Djs%26version%3D2&default_view=sign-in&origin=https%3A%2F%2Fjob-boards.greenhouse.io:0
[      -2ms] [ERROR] Ignoring duplicate Content-Security-Policy directive 'report-to'. @ https://www.dropbox.com/dropins/login?app_key=mh9jyh4mfwjnfhj&cont=%2Fchooser%3Fapp_key%3Dmh9jyh4mfwjnfhj%26extensions%3D.pdf%2B.doc%2B.docx%2B.txt%2B.rtf%26folderselect%3Dfalse%26from_login%3DTrue%26iframe%3Dfalse%26link_type%3Ddirect%26multiselect%3Dfalse%26origin%3Dhttps%253A%252F%252Fjob-boards.greenhouse.io%26trigger%3Djs%26version%3D2&default_view=sign-in&origin=https%3A%2F%2Fjob-boards.greenhouse.io:0
[     564ms] [ERROR] Ignoring duplicate Content-Security-Policy directive 'report-to'. @ https://cfl.dropboxstatic.com/static/metaserver/static/js/packaged/pkg-dropins-login.min-vfl0msh92.js:1
[     564ms] [ERROR] Ignoring duplicate Content-Security-Policy directive 'report-to'. @ https://cfl.dropboxstatic.com/static/metaserver/static/js/packaged/pkg-dropins-login.min-vfl0msh92.js:1
[     565ms] [ERROR] Ignoring duplicate Content-Security-Policy directive 'report-to'. @ https://cfl.dropboxstatic.com/static/metaserver/static/js/packaged/pkg-dropins-login.min-vfl0msh92.js:1
[     565ms] [ERROR] Ignoring duplicate Content-Security-Policy directive 'report-to'. @ https://cfl.dropboxstatic.com/static/metaserver/static/js/packaged/pkg-dropins-login.min-vfl0msh92.js:1
[     787ms] [VERBOSE] [DOM] Input elements should have autocomplete attributes (suggested: "current-password"): (More info: https://goo.gl/9p2vKq) %o @ https://www.dropbox.com/dropins/login?app_key=mh9jyh4mfwjnfhj&cont=%2Fchooser%3Fapp_key%3Dmh9jyh4mfwjnfhj%26extensions%3D.pdf%2B.doc%2B.docx%2B.txt%2B.rtf%26folderselect%3Dfalse%26from_login%3DTrue%26iframe%3Dfalse%26link_type%3Ddirect%26multiselect%3Dfalse%26origin%3Dhttps%253A%252F%252Fjob-boards.greenhouse.io%26trigger%3Djs%26version%3D2&default_view=sign-in&origin=https%3A%2F%2Fjob-boards.greenhouse.io:0
[     948ms] [ERROR] Ignoring duplicate Content-Security-Policy directive 'report-to'. @ https://cfl.dropboxstatic.com/static/metaserver/static/js/packaged/pkg-activation-redux-store.min-vflqycwZy.js:1
[     948ms] [ERROR] Ignoring duplicate Content-Security-Policy directive 'report-to'. @ https://cfl.dropboxstatic.com/static/metaserver/static/js/packaged/pkg-activation-redux-store.min-vflqycwZy.js:1
[     949ms] [ERROR] Ignoring duplicate Content-Security-Policy directive 'report-to'. @ https://cfl.dropboxstatic.com/static/metaserver/static/js/packaged/pkg-activation-redux-store.min-vflqycwZy.js:1
[     949ms] [ERROR] Ignoring duplicate Content-Security-Policy directive 'report-to'. @ https://cfl.dropboxstatic.com/static/metaserver/static/js/packaged/pkg-activation-redux-store.min-vflqycwZy.js:1
[    1809ms] [ERROR] Ignoring duplicate Content-Security-Policy directive 'report-to'. @ https://cfl.dropboxstatic.com/static/metaserver/static/js/packaged/pkg-activation-redux-store.min-vflqycwZy.js:1
[    1809ms] [ERROR] Ignoring duplicate Content-Security-Policy directive 'report-to'. @ https://cfl.dropboxstatic.com/static/metaserver/static/js/packaged/pkg-activation-redux-store.min-vflqycwZy.js:1
[    1809ms] [ERROR] Ignoring duplicate Content-Security-Policy directive 'report-to'. @ https://cfl.dropboxstatic.com/static/metaserver/static/js/packaged/pkg-activation-redux-store.min-vflqycwZy.js:1
[    1809ms] [ERROR] Ignoring duplicate Content-Security-Policy directive 'report-to'. @ https://cfl.dropboxstatic.com/static/metaserver/static/js/packaged/pkg-activation-redux-store.min-vflqycwZy.js:1
[    1816ms] [ERROR] Ignoring duplicate Content-Security-Policy directive 'report-to'. @ https://cfl.dropboxstatic.com/static/metaserver/static/js/packaged/pkg-activation-redux-store.min-vflqycwZy.js:1
[    1816ms] [ERROR] Ignoring duplicate Content-Security-Policy directive 'report-to'. @ https://cfl.dropboxstatic.com/static/metaserver/static/js/packaged/pkg-activation-redux-store.min-vflqycwZy.js:1
[    1816ms] [ERROR] Ignoring duplicate Content-Security-Policy directive 'report-to'. @ https://cfl.dropboxstatic.com/static/metaserver/static/js/packaged/pkg-activation-redux-store.min-vflqycwZy.js:1
[    1816ms] [ERROR] Ignoring duplicate Content-Security-Policy directive 'report-to'. @ https://cfl.dropboxstatic.com/static/metaserver/static/js/packaged/pkg-activation-redux-store.min-vflqycwZy.js:1
[    1823ms] [ERROR] Ignoring duplicate Content-Security-Policy directive 'report-to'. @ https://cfl.dropboxstatic.com/static/metaserver/static/js/packaged/pkg-activation-redux-store.min-vflqycwZy.js:1
[    1823ms] [ERROR] Ignoring duplicate Content-Security-Policy directive 'report-to'. @ https://cfl.dropboxstatic.com/static/metaserver/static/js/packaged/pkg-activation-redux-store.min-vflqycwZy.js:1
[    1824ms] [ERROR] Ignoring duplicate Content-Security-Policy directive 'report-to'. @ https://cfl.dropboxstatic.com/static/metaserver/static/js/packaged/pkg-activation-redux-store.min-vflqycwZy.js:1
[    1824ms] [ERROR] Ignoring duplicate Content-Security-Policy directive 'report-to'. @ https://cfl.dropboxstatic.com/static/metaserver/static/js/packaged/pkg-activation-redux-store.min-vflqycwZy.js:1
